ALTER TABLE
ALTER TABLE
ALTER TABLE
ALTER TABLE
ALTER TABLE
ALTER TABLE
ALTER TABLE
ALTER TABLE
ALTER TABLE
ALTER TABLE
ALTER TABLE
ALTER TABLE
ALTER TABLE
ALTER TABLE
DROP VIEW
ALTER TABLE
DROP VIEW
DROP VIEW
DROP VIEW
DROP VIEW
DROP VIEW
DROP VIEW
ALTER TABLE
DROP VIEW
ALTER TABLE
CREATE VIEW
CREATE TRIGGER
CREATE TRIGGER
CREATE TRIGGER
CREATE RULE
CREATE RULE
CREATE RULE
CREATE RULE
CREATE VIEW
CREATE RULE
CREATE RULE
CREATE RULE
CREATE VIEW
CREATE RULE
CREATE RULE
CREATE VIEW
CREATE RULE
CREATE RULE
CREATE RULE
CREATE VIEW
CREATE RULE
CREATE RULE
CREATE VIEW
CREATE RULE
CREATE RULE
CREATE VIEW
CREATE RULE
CREATE RULE
CREATE VIEW
CREATE RULE
CREATE RULE
CREATE VIEW
CREATE RULE
CREATE RULE
CREATE VIEW
CREATE RULE
CREATE RULE
CREATE VIEW
CREATE RULE
CREATE RULE
CREATE VIEW
CREATE RULE
CREATE RULE
