CREATE TABLE
ALTER TABLE
ALTER TABLE
ALTER TABLE
ALTER TABLE
CREATE SEQUENCE
CREATE VIEW
CREATE FUNCTION
CREATE TRIGGER
CREATE RULE
CREATE RULE
CREATE RULE
CREATE TABLE
ALTER TABLE
ALTER TABLE
ALTER TABLE
CREATE SEQUENCE
CREATE FUNCTION
CREATE TRIGGER
CREATE VIEW
CREATE RULE
CREATE RULE
CREATE RULE
CREATE TABLE
ALTER TABLE
ALTER TABLE
ALTER TABLE
ALTER TABLE
ALTER TABLE
CREATE SEQUENCE
CREATE VIEW
CREATE FUNCTION
CREATE TRIGGER
CREATE RULE
CREATE RULE
CREATE RULE
CREATE TABLE
ALTER TABLE
CREATE SEQUENCE
CREATE VIEW
CREATE FUNCTION
CREATE TRIGGER
CREATE RULE
CREATE RULE
CREATE RULE
CREATE TABLE
ALTER TABLE
CREATE SEQUENCE
CREATE VIEW
CREATE FUNCTION
CREATE TRIGGER
CREATE RULE
CREATE RULE
CREATE RULE
