CREATE SEQUENCE
CREATE RULE
CREATE RULE
CREATE RULE
CREATE SCHEMA
CREATE TABLE
CREATE SEQUENCE
CREATE INDEX
CREATE INDEX
CREATE VIEW
CREATE FUNCTION
CREATE TRIGGER
CREATE FUNCTION
CREATE TRIGGER
CREATE FUNCTION
CREATE TRIGGER
CREATE TABLE
CREATE SEQUENCE
CREATE INDEX
CREATE VIEW
CREATE RULE
CREATE RULE
CREATE RULE
CREATE TABLE
COMMENT
CREATE INDEX
CREATE INDEX
CREATE VIEW
COMMENT
CREATE RULE
CREATE RULE
CREATE RULE
CREATE TABLE
COMMENT
CREATE SEQUENCE
CREATE INDEX
CREATE INDEX
CREATE VIEW
COMMENT
CREATE RULE
CREATE RULE
CREATE RULE
CREATE TABLE
CREATE SEQUENCE
CREATE INDEX
CREATE INDEX
CREATE VIEW
CREATE RULE
CREATE RULE
CREATE RULE
CREATE TABLE
COMMENT
CREATE INDEX
CREATE INDEX
CREATE INDEX
CREATE VIEW
COMMENT
CREATE RULE
CREATE RULE
CREATE RULE
CREATE TABLE
COMMENT
CREATE SEQUENCE
CREATE INDEX
CREATE INDEX
CREATE VIEW
COMMENT
CREATE RULE
CREATE RULE
CREATE RULE
CREATE TABLE
COMMENT
CREATE INDEX
CREATE INDEX
CREATE VIEW
COMMENT
CREATE RULE
CREATE RULE
CREATE RULE
CREATE TABLE
COMMENT
CREATE SEQUENCE
CREATE INDEX
CREATE INDEX
CREATE VIEW
COMMENT
CREATE RULE
CREATE RULE
CREATE RULE
CREATE TABLE
COMMENT
CREATE INDEX
CREATE INDEX
CREATE VIEW
COMMENT
CREATE RULE
CREATE RULE
CREATE RULE
CREATE TABLE
CREATE SEQUENCE
CREATE INDEX
CREATE INDEX
CREATE VIEW
CREATE RULE
CREATE RULE
CREATE RULE
CREATE TABLE
COMMENT
CREATE INDEX
CREATE VIEW
COMMENT
CREATE RULE
CREATE RULE
CREATE RULE
CREATE TABLE
CREATE SEQUENCE
CREATE INDEX
CREATE INDEX
CREATE VIEW
CREATE RULE
CREATE RULE
CREATE RULE
COMMENT
CREATE TABLE
CREATE SEQUENCE
CREATE INDEX
CREATE INDEX
CREATE INDEX
CREATE VIEW
CREATE RULE
CREATE RULE
CREATE RULE
ALTER TABLE
ALTER TABLE
ALTER TABLE
ALTER TABLE
ALTER TABLE
ALTER TABLE
ALTER TABLE
ALTER TABLE
ALTER TABLE
ALTER TABLE
ALTER TABLE
ALTER TABLE
ALTER TABLE
ALTER TABLE
ALTER TABLE
ALTER TABLE
