CREATE SCHEMA
CREATE TABLE
CREATE SEQUENCE
CREATE INDEX
CREATE INDEX
CREATE VIEW
CREATE RULE
CREATE RULE
CREATE RULE
CREATE SCHEMA
CREATE TABLE
CREATE SEQUENCE
CREATE INDEX
CREATE INDEX
CREATE TABLE
CREATE SEQUENCE
CREATE INDEX
CREATE TABLE
COMMENT
CREATE INDEX
CREATE INDEX
CREATE TABLE
COMMENT
CREATE SEQUENCE
CREATE INDEX
CREATE INDEX
CREATE TABLE
CREATE SEQUENCE
CREATE INDEX
CREATE INDEX
CREATE TABLE
COMMENT
CREATE INDEX
CREATE INDEX
CREATE INDEX
CREATE TABLE
COMMENT
CREATE SEQUENCE
CREATE INDEX
CREATE INDEX
CREATE TABLE
COMMENT
CREATE INDEX
CREATE INDEX
CREATE TABLE
COMMENT
CREATE SEQUENCE
CREATE INDEX
CREATE INDEX
CREATE TABLE
COMMENT
CREATE INDEX
CREATE INDEX
CREATE TABLE
CREATE SEQUENCE
CREATE INDEX
CREATE INDEX
CREATE TABLE
COMMENT
CREATE INDEX
CREATE TABLE
CREATE SEQUENCE
CREATE INDEX
CREATE INDEX
CREATE TABLE
CREATE SEQUENCE
CREATE INDEX
CREATE INDEX
CREATE INDEX
CREATE VIEW
CREATE RULE
CREATE RULE
CREATE RULE
CREATE VIEW
CREATE FUNCTION
CREATE TRIGGER
CREATE FUNCTION
CREATE TRIGGER
CREATE FUNCTION
CREATE TRIGGER
CREATE VIEW
COMMENT
CREATE RULE
CREATE RULE
CREATE RULE
CREATE VIEW
COMMENT
CREATE RULE
CREATE RULE
CREATE RULE
CREATE VIEW
CREATE RULE
CREATE RULE
CREATE RULE
CREATE VIEW
COMMENT
CREATE RULE
CREATE RULE
CREATE RULE
CREATE VIEW
COMMENT
CREATE RULE
CREATE RULE
CREATE RULE
CREATE VIEW
COMMENT
CREATE RULE
CREATE RULE
CREATE RULE
CREATE VIEW
COMMENT
CREATE RULE
CREATE RULE
CREATE RULE
CREATE VIEW
COMMENT
CREATE RULE
CREATE RULE
CREATE RULE
CREATE VIEW
CREATE RULE
CREATE RULE
CREATE RULE
CREATE VIEW
COMMENT
CREATE RULE
CREATE RULE
CREATE RULE
CREATE VIEW
CREATE RULE
CREATE RULE
CREATE RULE
CREATE VIEW
CREATE RULE
CREATE RULE
CREATE RULE
ALTER TABLE
ALTER TABLE
ALTER TABLE
ALTER TABLE
ALTER TABLE
ALTER TABLE
ALTER TABLE
ALTER TABLE
ALTER TABLE
ALTER TABLE
ALTER TABLE
ALTER TABLE
ALTER TABLE
ALTER TABLE
ALTER TABLE
ALTER TABLE
INSERT 0 5
INSERT 0 4
